<?xml version="1.0" encoding="UTF-8" ?>
<testsuite tests="2" failures="0" name="com.morais.vncs.serenity.RunSerenityTest" time="0.299" errors="1" skipped="0">
  <properties>
[...]
</properties>
  <testcase classname="Cash Withdrawals" name="Cash withdrawal" time="0.253"/>
  <testcase classname="Internal transfers" name="Transferring funds between internal accounts" time="0.046">
    <error message="The step &quot;Clive has the following accounts:&quot; is undefined. You can implement it using the snippet(s) below:

@Given(&quot;Clive has the following accounts:&quot;)
public void clive_has_the_following_accounts(io.cucumber.datatable.DataTable dataTable) {
    // Write code here that turns the phrase above into concrete actions
    // For automatic transformation, change DataTable to one of
    // E, List&lt;E&gt;, List&lt;List&lt;E&gt;&gt;, List&lt;Map&lt;K,V&gt;&gt;, Map&lt;K,V&gt; or
    // Map&lt;K, List&lt;V&gt;&gt;. E,K,V must be a String, Integer, Float,
    // Double, Byte, Short, Long, BigInteger or BigDecimal.
    //
    // For other transformations you can register a DataTableType.
    throw new io.cucumber.java.PendingException();
}


Some other steps were also undefined:

@When(&quot;he transfers ${int} from his Current account to his Savings account&quot;)
public void he_transfers_$_from_his_current_account_to_his_savings_account(Integer int1) {
    // Write code here that turns the phrase above into concrete actions
    throw new io.cucumber.java.PendingException();
}
@Then(&quot;his new account balances should be:&quot;)
public void his_new_account_balances_should_be(io.cucumber.datatable.DataTable dataTable) {
    // Write code here that turns the phrase above into concrete actions
    // For automatic transformation, change DataTable to one of
    // E, List&lt;E&gt;, List&lt;List&lt;E&gt;&gt;, List&lt;Map&lt;K,V&gt;&gt;, Map&lt;K,V&gt; or
    // Map&lt;K, List&lt;V&gt;&gt;. E,K,V must be a String, Integer, Float,
    // Double, Byte, Short, Long, BigInteger or BigDecimal.
    //
    // For other transformations you can register a DataTableType.
    throw new io.cucumber.java.PendingException();
}
" type="io.cucumber.junit.UndefinedStepException">io.cucumber.junit.UndefinedStepException: The step &quot;Clive has the following accounts:&quot; is undefined. You can implement it using the snippet(s) below:

@Given(&quot;Clive has the following accounts:&quot;)
public void clive_has_the_following_accounts(io.cucumber.datatable.DataTable dataTable) {
    // Write code here that turns the phrase above into concrete actions
    // For automatic transformation, change DataTable to one of
    // E, List&lt;E&gt;, List&lt;List&lt;E&gt;&gt;, List&lt;Map&lt;K,V&gt;&gt;, Map&lt;K,V&gt; or
    // Map&lt;K, List&lt;V&gt;&gt;. E,K,V must be a String, Integer, Float,
    // Double, Byte, Short, Long, BigInteger or BigDecimal.
    //
    // For other transformations you can register a DataTableType.
    throw new io.cucumber.java.PendingException();
}


Some other steps were also undefined:

@When(&quot;he transfers ${int} from his Current account to his Savings account&quot;)
public void he_transfers_$_from_his_current_account_to_his_savings_account(Integer int1) {
    // Write code here that turns the phrase above into concrete actions
    throw new io.cucumber.java.PendingException();
}
@Then(&quot;his new account balances should be:&quot;)
public void his_new_account_balances_should_be(io.cucumber.datatable.DataTable dataTable) {
    // Write code here that turns the phrase above into concrete actions
    // For automatic transformation, change DataTable to one of
    // E, List&lt;E&gt;, List&lt;List&lt;E&gt;&gt;, List&lt;Map&lt;K,V&gt;&gt;, Map&lt;K,V&gt; or
    // Map&lt;K, List&lt;V&gt;&gt;. E,K,V must be a String, Integer, Float,
    // Double, Byte, Short, Long, BigInteger or BigDecimal.
    //
    // For other transformations you can register a DataTableType.
    throw new io.cucumber.java.PendingException();
}

</error>
    <system-out>Step argument class io.cucumber.core.gherkin.messages.GherkinMessagesDataTableArgument
Step argument class io.cucumber.core.gherkin.messages.GherkinMessagesDataTableArgument
</system-out>
  </testcase>
</testsuite>